Arguments: 
  /Users/MR/.nvm/versions/node/v16.19.0/bin/node /Users/MR/.nvm/versions/node/v16.19.0/bin/yarn add parcle

PATH: 
  /Users/MR/.dvm/bin:/Users/MR/.nvm/versions/node/v16.19.0/bin:/Applications/MAMP/Library/bin:/Volumes/MR_DATA/ANDROID_TOOLS/gradle-5.6/bin:/opt/local/bin:/opt/local/sbin:/usr/local/bin:/usr/bin:/bin:/usr/sbin:/sbin:/Applications/VMware Fusion.app/Contents/Public:/usr/local/go/bin:/usr/local/share/dotnet:/opt/X11/bin:/Library/Apple/usr/bin:/Library/Frameworks/Mono.framework/Versions/Current/Commands:/usr/local/git/bin:/Applications/Xamarin Workbooks.app/Contents/SharedSupport/path-bin:/Users/MR/.dvm/bin:/Users/MR/.sdkman/candidates/java/current/bin:/Users/MR/.sdkman/candidates/gradle/current/bin:/Users/MR/.nvm/versions/node/v16.19.0/bin:/Applications/MAMP/Library/bin:/Volumes/MR_DATA/ANDROID_TOOLS/gradle-5.6/bin:/opt/local/bin:/opt/local/sbin:/usr/share/ant/bin:/Volumes/MR_DATA/ANDROID_SDK/sdk/platform-tools:/Volumes/MR_DATA/ANDROID_SDK/sdk/tools:/Volumes/MR_DATA/ANDROID_SDK/sdk/tools/bin:/Volumes/MR_DATA/DEVELOPMENT/__ENVIRONEMENT/mongodb-osx-x86_64-enterprise-3.4.4/bin:/Library/Frameworks/Firebird.framework/Resources/bin:/usr/share/ant/bin:/Volumes/MR_DATA/ANDROID_SDK/sdk/platform-tools:/Volumes/MR_DATA/ANDROID_SDK/sdk/tools:/Volumes/MR_DATA/ANDROID_SDK/sdk/tools/bin:/Volumes/MR_DATA/DEVELOPMENT/__ENVIRONEMENT/mongodb-osx-x86_64-enterprise-3.4.4/bin:/Users/MR/.sdkman/candidates/java/current/bin:/Library/Frameworks/Firebird.framework/Resources/bin

Yarn version: 
  1.22.19

Node version: 
  16.19.0

Platform: 
  darwin x64

Trace: 
  Error: https://registry.yarnpkg.com/parcle: Not found
      at Request.params.callback [as _callback] (/Users/MR/.nvm/versions/node/v16.19.0/lib/node_modules/yarn/lib/cli.js:66145:18)
      at Request.self.callback (/Users/MR/.nvm/versions/node/v16.19.0/lib/node_modules/yarn/lib/cli.js:140890:22)
      at Request.emit (node:events:513:28)
      at Request.<anonymous> (/Users/MR/.nvm/versions/node/v16.19.0/lib/node_modules/yarn/lib/cli.js:141862:10)
      at Request.emit (node:events:513:28)
      at IncomingMessage.<anonymous> (/Users/MR/.nvm/versions/node/v16.19.0/lib/node_modules/yarn/lib/cli.js:141784:12)
      at Object.onceWrapper (node:events:627:28)
      at IncomingMessage.emit (node:events:525:35)
      at endReadableNT (node:internal/streams/readable:1358:12)
      at processTicksAndRejections (node:internal/process/task_queues:83:21)

npm manifest: 
  {
    "scripts": {
      "start": "parcel",
      "build": "parcel build"
    },
    "dependencies": {
      "react": "^18.2.0",
      "react-dom": "^18.2.0"
    }
  }

yarn manifest: 
  No manifest

Lockfile: 
  # THIS IS AN AUTOGENERATED FILE. DO NOT EDIT THIS FILE DIRECTLY.
  # yarn lockfile v1
  
  
  "js-tokens@^3.0.0 || ^4.0.0":
    version "4.0.0"
    resolved "https://registry.yarnpkg.com/js-tokens/-/js-tokens-4.0.0.tgz#19203fb59991df98e3a287050d4647cdeaf32499"
    integrity sha512-RdJUflcE3cUzKiMqQgsCu06FPu9UdIJO0beYbPhHN4k6apgJtifcoCtT9bcxOpYBtpD2kCM6Sbzg4CausW/PKQ==
  
  loose-envify@^1.1.0:
    version "1.4.0"
    resolved "https://registry.yarnpkg.com/loose-envify/-/loose-envify-1.4.0.tgz#71ee51fa7be4caec1a63839f7e682d8132d30caf"
    integrity sha512-lyuxPGr/Wfhrlem2CL/UcnUc1zcqKAImBDzukY7Y5F/yQiNdko6+fRLevlw1HgMySw7f611UIY408EtxRSoK3Q==
    dependencies:
      js-tokens "^3.0.0 || ^4.0.0"
  
  react-dom@^18.2.0:
    version "18.2.0"
    resolved "https://registry.yarnpkg.com/react-dom/-/react-dom-18.2.0.tgz#22aaf38708db2674ed9ada224ca4aa708d821e3d"
    integrity sha512-6IMTriUmvsjHUjNtEDudZfuDQUoWXVxKHhlEGSk81n4YFS+r/Kl99wXiwlVXtPBtJenozv2P+hxDsw9eA7Xo6g==
    dependencies:
      loose-envify "^1.1.0"
      scheduler "^0.23.0"
  
  react@^18.2.0:
    version "18.2.0"
    resolved "https://registry.yarnpkg.com/react/-/react-18.2.0.tgz#555bd98592883255fa00de14f1151a917b5d77d5"
    integrity sha512-/3IjMdb2L9QbBdWiW5e3P2/npwMBaU9mHCSCUzNln0ZCYbcfTsGbTJrU/kGemdH2IWmB2ioZ+zkxtmq6g09fGQ==
    dependencies:
      loose-envify "^1.1.0"
  
  scheduler@^0.23.0:
    version "0.23.0"
    resolved "https://registry.yarnpkg.com/scheduler/-/scheduler-0.23.0.tgz#ba8041afc3d30eb206a487b6b384002e4e61fdfe"
    integrity sha512-CtuThmgHNg7zIZWAXi3AsyIzA3n4xx7aNyjwC2VJldO2LMVDhFK+63xGqq6CsJH4rTAt6/M+N4GhZiDYPx9eUw==
    dependencies:
      loose-envify "^1.1.0"
